WARNING: Ignoring invalid distribution ~okenizers (c:\Users\Rohan\AppData\Local\Programs\Python\Python312\Lib\site-packages)
WARNING: Ignoring invalid distribution ~treamlit (c:\Users\Rohan\AppData\Local\Programs\Python\Python312\Lib\site-packages)
Collecting sentence-transformers>=3.0.0
  Using cached sentence_transformers-5.5.1-py3-none-any.whl.metadata (18 kB)
Requirement already satisfied: transformers<6.0.0,>=4.41.0 in c:\users\rohan\appdata\local\programs\python\python312\lib\site-packages (from sentence-transformers>=3.0.0) (5.9.0)
Requirement already satisfied: huggingface-hub>=0.23.0 in c:\users\rohan\appdata\roaming\python\python312\site-packages (from sentence-transformers>=3.0.0) (1.15.0)
Requirement already satisfied: torch>=1.11.0 in c:\users\rohan\appdata\local\programs\python\python312\lib\site-packages (from sentence-transformers>=3.0.0) (2.12.0)
Requirement already satisfied: numpy>=1.20.0 in c:\users\rohan\appdata\local\programs\python\python312\lib\site-packages (from sentence-transformers>=3.0.0) (2.3.2)
Requirement already satisfied: scikit-learn>=0.22.0 in c:\users\rohan\appdata\local\programs\python\python312\lib\site-packages (from sentence-transformers>=3.0.0) (1.8.0)
Requirement already satisfied: scipy>=1.0.0 in c:\users\rohan\appdata\local\programs\python\python312\lib\site-packages (from sentence-transformers>=3.0.0) (1.17.1)
Requirement already satisfied: typing_extensions>=4.5.0 in c:\users\rohan\appdata\local\programs\python\python312\lib\site-packages (from sentence-transformers>=3.0.0) (4.15.0)
Requirement already satisfied: tqdm>=4.0.0 in c:\users\rohan\appdata\roaming\python\python312\site-packages (from sentence-transformers>=3.0.0) (4.67.3)
Requirement already satisfied: packaging>=20.0 in c:\users\rohan\appdata\local\programs\python\python312\lib\site-packages (from transformers<6.0.0,>=4.41.0->sentence-transformers>=3.0.0) (25.0)
Requirement already satisfied: pyyaml>=5.1 in c:\users\rohan\appdata\roaming\python\python312\site-packages (from transformers<6.0.0,>=4.41.0->sentence-transformers>=3.0.0) (6.0.3)
Requirement already satisfied: regex>=2025.10.22 in c:\users\rohan\appdata\local\programs\python\python312\lib\site-packages (from transformers<6.0.0,>=4.41.0->sentence-transformers>=3.0.0) (2026.5.9)
Requirement already satisfied: tokenizers<=0.23.0,>=0.22.0 in c:\users\rohan\appdata\local\programs\python\python312\lib\site-packages (from transformers<6.0.0,>=4.41.0->sentence-transformers>=3.0.0) (0.22.2)
Requirement already satisfied: typer in c:\users\rohan\appdata\roaming\python\python312\site-packages (from transformers<6.0.0,>=4.41.0->sentence-transformers>=3.0.0) (0.25.1)
Requirement already satisfied: safetensors>=0.4.3 in c:\users\rohan\appdata\local\programs\python\python312\lib\site-packages (from transformers<6.0.0,>=4.41.0->sentence-transformers>=3.0.0) (0.7.0)
Requirement already satisfied: filelock>=3.10.0 in c:\users\rohan\appdata\roaming\python\python312\site-packages (from huggingface-hub>=0.23.0->sentence-transformers>=3.0.0) (3.29.0)
Requirement already satisfied: fsspec>=2023.5.0 in c:\users\rohan\appdata\roaming\python\python312\site-packages (from huggingface-hub>=0.23.0->sentence-transformers>=3.0.0) (2026.4.0)
Requirement already satisfied: hf-xet<2.0.0,>=1.4.3 in c:\users\rohan\appdata\roaming\python\python312\site-packages (from huggingface-hub>=0.23.0->sentence-transformers>=3.0.0) (1.5.0)
Requirement already satisfied: httpx<1,>=0.23.0 in c:\users\rohan\appdata\roaming\python\python312\site-packages (from huggingface-hub>=0.23.0->sentence-transformers>=3.0.0) (0.28.1)
Requirement already satisfied: anyio in c:\users\rohan\appdata\roaming\python\python312\site-packages (from httpx<1,>=0.23.0->huggingface-hub>=0.23.0->sentence-transformers>=3.0.0) (4.13.0)
Requirement already satisfied: certifi in c:\users\rohan\appdata\local\programs\python\python312\lib\site-packages (from httpx<1,>=0.23.0->huggingface-hub>=0.23.0->sentence-transformers>=3.0.0) (2025.8.3)
Requirement already satisfied: httpcore==1.* in c:\users\rohan\appdata\roaming\python\python312\site-packages (from httpx<1,>=0.23.0->huggingface-hub>=0.23.0->sentence-transformers>=3.0.0) (1.0.9)
Requirement already satisfied: idna in c:\users\rohan\appdata\local\programs\python\python312\lib\site-packages (from httpx<1,>=0.23.0->huggingface-hub>=0.23.0->sentence-transformers>=3.0.0) (3.10)
Requirement already satisfied: h11>=0.16 in c:\users\rohan\appdata\roaming\python\python312\site-packages (from httpcore==1.*->httpx<1,>=0.23.0->huggingface-hub>=0.23.0->sentence-transformers>=3.0.0) (0.16.0)
Requirement already satisfied: joblib>=1.3.0 in c:\users\rohan\appdata\local\programs\python\python312\lib\site-packages (from scikit-learn>=0.22.0->sentence-transformers>=3.0.0) (1.5.3)
Requirement already satisfied: threadpoolctl>=3.2.0 in c:\users\rohan\appdata\local\programs\python\python312\lib\site-packages (from scikit-learn>=0.22.0->sentence-transformers>=3.0.0) (3.6.0)
Requirement already satisfied: setuptools<82 in c:\users\rohan\appdata\local\programs\python\python312\lib\site-packages (from torch>=1.11.0->sentence-transformers>=3.0.0) (81.0.0)
Requirement already satisfied: sympy>=1.13.3 in c:\users\rohan\appdata\local\programs\python\python312\lib\site-packages (from torch>=1.11.0->sentence-transformers>=3.0.0) (1.14.0)
Requirement already satisfied: networkx>=2.5.1 in c:\users\rohan\appdata\local\programs\python\python312\lib\site-packages (from torch>=1.11.0->sentence-transformers>=3.0.0) (3.6.1)
Requirement already satisfied: jinja2 in c:\users\rohan\appdata\local\programs\python\python312\lib\site-packages (from torch>=1.11.0->sentence-transformers>=3.0.0) (3.1.6)
Requirement already satisfied: mpmath<1.4,>=1.1.0 in c:\users\rohan\appdata\local\programs\python\python312\lib\site-packages (from sympy>=1.13.3->torch>=1.11.0->sentence-transformers>=3.0.0) (1.3.0)
Requirement already satisfied: colorama in c:\users\rohan\appdata\local\programs\python\python312\lib\site-packages (from tqdm>=4.0.0->sentence-transformers>=3.0.0) (0.4.6)
Requirement already satisfied: click>=8.2.1 in c:\users\rohan\appdata\local\programs\python\python312\lib\site-packages (from typer->transformers<6.0.0,>=4.41.0->sentence-transformers>=3.0.0) (8.2.1)
Requirement already satisfied: shellingham>=1.3.0 in c:\users\rohan\appdata\roaming\python\python312\site-packages (from typer->transformers<6.0.0,>=4.41.0->sentence-transformers>=3.0.0) (1.5.4)
Requirement already satisfied: rich>=13.8.0 in c:\users\rohan\appdata\roaming\python\python312\site-packages (from typer->transformers<6.0.0,>=4.41.0->sentence-transformers>=3.0.0) (15.0.0)
Requirement already satisfied: annotated-doc>=0.0.2 in c:\users\rohan\appdata\roaming\python\python312\site-packages (from typer->transformers<6.0.0,>=4.41.0->sentence-transformers>=3.0.0) (0.0.4)
Requirement already satisfied: markdown-it-py>=2.2.0 in c:\users\rohan\appdata\roaming\python\python312\site-packages (from rich>=13.8.0->typer->transformers<6.0.0,>=4.41.0->sentence-transformers>=3.0.0) (4.2.0)
Requirement already satisfied: pygments<3.0.0,>=2.13.0 in c:\users\rohan\appdata\roaming\python\python312\site-packages (from rich>=13.8.0->typer->transformers<6.0.0,>=4.41.0->sentence-transformers>=3.0.0) (2.20.0)
Requirement already satisfied: mdurl~=0.1 in c:\users\rohan\appdata\roaming\python\python312\site-packages (from markdown-it-py>=2.2.0->rich>=13.8.0->typer->transformers<6.0.0,>=4.41.0->sentence-transformers>=3.0.0) (0.1.2)
Requirement already satisfied: MarkupSafe>=2.0 in c:\users\rohan\appdata\local\programs\python\python312\lib\site-packages (from jinja2->torch>=1.11.0->sentence-transformers>=3.0.0) (3.0.2)
Using cached sentence_transformers-5.5.1-py3-none-any.whl (588 kB)
WARNING: Ignoring invalid distribution ~okenizers (c:\Users\Rohan\AppData\Local\Programs\Python\Python312\Lib\site-packages)
WARNING: Ignoring invalid distribution ~treamlit (c:\Users\Rohan\AppData\Local\Programs\Python\Python312\Lib\site-packages)
Installing collected packages: sentence-transformers
WARNING: Ignoring invalid distribution ~okenizers (c:\Users\Rohan\AppData\Local\Programs\Python\Python312\Lib\site-packages)
WARNING: Ignoring invalid distribution ~treamlit (c:\Users\Rohan\AppData\Local\Programs\Python\Python312\Lib\site-packages)
Successfully installed sentence-transformers-5.5.1
