WARNING: Ignoring invalid distribution ~okenizers (c:\Users\Rohan\AppData\Local\Programs\Python\Python312\Lib\site-packages)
WARNING: Ignoring invalid distribution ~treamlit (c:\Users\Rohan\AppData\Local\Programs\Python\Python312\Lib\site-packages)
Collecting google-generativeai>=0.7.0
  Using cached google_generativeai-0.8.6-py3-none-any.whl.metadata (3.9 kB)
Collecting google-ai-generativelanguage==0.6.15 (from google-generativeai>=0.7.0)
  Using cached google_ai_generativelanguage-0.6.15-py3-none-any.whl.metadata (5.7 kB)
Requirement already satisfied: google-api-core in c:\users\rohan\appdata\local\programs\python\python312\lib\site-packages (from google-generativeai>=0.7.0) (2.30.3)
Requirement already satisfied: google-api-python-client in c:\users\rohan\appdata\local\programs\python\python312\lib\site-packages (from google-generativeai>=0.7.0) (2.197.0)
Requirement already satisfied: google-auth>=2.15.0 in c:\users\rohan\appdata\local\programs\python\python312\lib\site-packages (from google-generativeai>=0.7.0) (2.53.0)
Requirement already satisfied: protobuf in c:\users\rohan\appdata\local\programs\python\python312\lib\site-packages (from google-generativeai>=0.7.0) (5.29.6)
Requirement already satisfied: pydantic in c:\users\rohan\appdata\roaming\python\python312\site-packages (from google-generativeai>=0.7.0) (2.13.4)
Requirement already satisfied: tqdm in c:\users\rohan\appdata\roaming\python\python312\site-packages (from google-generativeai>=0.7.0) (4.67.3)
Requirement already satisfied: typing-extensions in c:\users\rohan\appdata\local\programs\python\python312\lib\site-packages (from google-generativeai>=0.7.0) (4.15.0)
Requirement already satisfied: proto-plus<2.0.0dev,>=1.22.3 in c:\users\rohan\appdata\local\programs\python\python312\lib\site-packages (from google-ai-generativelanguage==0.6.15->google-generativeai>=0.7.0) (1.28.0)
Requirement already satisfied: googleapis-common-protos<2.0.0,>=1.63.2 in c:\users\rohan\appdata\local\programs\python\python312\lib\site-packages (from google-api-core->google-generativeai>=0.7.0) (1.75.0)
Requirement already satisfied: requests<3.0.0,>=2.20.0 in c:\users\rohan\appdata\local\programs\python\python312\lib\site-packages (from google-api-core->google-generativeai>=0.7.0) (2.32.5)
Requirement already satisfied: grpcio<2.0.0,>=1.33.2 in c:\users\rohan\appdata\local\programs\python\python312\lib\site-packages (from google-api-core[grpc]!=2.0.*,!=2.1.*,!=2.10.*,!=2.2.*,!=2.3.*,!=2.4.*,!=2.5.*,!=2.6.*,!=2.7.*,!=2.8.*,!=2.9.*,<3.0.0dev,>=1.34.1->google-ai-generativelanguage==0.6.15->google-generativeai>=0.7.0) (1.80.0)
Requirement already satisfied: grpcio-status<2.0.0,>=1.33.2 in c:\users\rohan\appdata\local\programs\python\python312\lib\site-packages (from google-api-core[grpc]!=2.0.*,!=2.1.*,!=2.10.*,!=2.2.*,!=2.3.*,!=2.4.*,!=2.5.*,!=2.6.*,!=2.7.*,!=2.8.*,!=2.9.*,<3.0.0dev,>=1.34.1->google-ai-generativelanguage==0.6.15->google-generativeai>=0.7.0) (1.71.2)
Requirement already satisfied: pyasn1-modules>=0.2.1 in c:\users\rohan\appdata\local\programs\python\python312\lib\site-packages (from google-auth>=2.15.0->google-generativeai>=0.7.0) (0.4.2)
Requirement already satisfied: cryptography>=38.0.3 in c:\users\rohan\appdata\local\programs\python\python312\lib\site-packages (from google-auth>=2.15.0->google-generativeai>=0.7.0) (48.0.0)
Requirement already satisfied: charset_normalizer<4,>=2 in c:\users\rohan\appdata\local\programs\python\python312\lib\site-packages (from requests<3.0.0,>=2.20.0->google-api-core->google-generativeai>=0.7.0) (3.4.3)
Requirement already satisfied: idna<4,>=2.5 in c:\users\rohan\appdata\local\programs\python\python312\lib\site-packages (from requests<3.0.0,>=2.20.0->google-api-core->google-generativeai>=0.7.0) (3.10)
Requirement already satisfied: urllib3<3,>=1.21.1 in c:\users\rohan\appdata\local\programs\python\python312\lib\site-packages (from requests<3.0.0,>=2.20.0->google-api-core->google-generativeai>=0.7.0) (2.5.0)
Requirement already satisfied: certifi>=2017.4.17 in c:\users\rohan\appdata\local\programs\python\python312\lib\site-packages (from requests<3.0.0,>=2.20.0->google-api-core->google-generativeai>=0.7.0) (2025.8.3)
Requirement already satisfied: cffi>=2.0.0 in c:\users\rohan\appdata\local\programs\python\python312\lib\site-packages (from cryptography>=38.0.3->google-auth>=2.15.0->google-generativeai>=0.7.0) (2.0.0)
Requirement already satisfied: pycparser in c:\users\rohan\appdata\local\programs\python\python312\lib\site-packages (from cffi>=2.0.0->cryptography>=38.0.3->google-auth>=2.15.0->google-generativeai>=0.7.0) (3.0)
Requirement already satisfied: pyasn1<0.7.0,>=0.6.1 in c:\users\rohan\appdata\local\programs\python\python312\lib\site-packages (from pyasn1-modules>=0.2.1->google-auth>=2.15.0->google-generativeai>=0.7.0) (0.6.3)
Requirement already satisfied: httplib2<1.0.0,>=0.19.0 in c:\users\rohan\appdata\local\programs\python\python312\lib\site-packages (from google-api-python-client->google-generativeai>=0.7.0) (0.31.2)
Requirement already satisfied: google-auth-httplib2<1.0.0,>=0.2.0 in c:\users\rohan\appdata\local\programs\python\python312\lib\site-packages (from google-api-python-client->google-generativeai>=0.7.0) (0.4.0)
Requirement already satisfied: uritemplate<5,>=3.0.1 in c:\users\rohan\appdata\local\programs\python\python312\lib\site-packages (from google-api-python-client->google-generativeai>=0.7.0) (4.2.0)
Requirement already satisfied: pyparsing<4,>=3.1 in c:\users\rohan\appdata\local\programs\python\python312\lib\site-packages (from httplib2<1.0.0,>=0.19.0->google-api-python-client->google-generativeai>=0.7.0) (3.3.2)
Requirement already satisfied: annotated-types>=0.6.0 in c:\users\rohan\appdata\roaming\python\python312\site-packages (from pydantic->google-generativeai>=0.7.0) (0.7.0)
Requirement already satisfied: pydantic-core==2.46.4 in c:\users\rohan\appdata\roaming\python\python312\site-packages (from pydantic->google-generativeai>=0.7.0) (2.46.4)
Requirement already satisfied: typing-inspection>=0.4.2 in c:\users\rohan\appdata\roaming\python\python312\site-packages (from pydantic->google-generativeai>=0.7.0) (0.4.2)
Requirement already satisfied: colorama in c:\users\rohan\appdata\local\programs\python\python312\lib\site-packages (from tqdm->google-generativeai>=0.7.0) (0.4.6)
Using cached google_generativeai-0.8.6-py3-none-any.whl (155 kB)
Using cached google_ai_generativelanguage-0.6.15-py3-none-any.whl (1.3 MB)
WARNING: Ignoring invalid distribution ~okenizers (c:\Users\Rohan\AppData\Local\Programs\Python\Python312\Lib\site-packages)
WARNING: Ignoring invalid distribution ~treamlit (c:\Users\Rohan\AppData\Local\Programs\Python\Python312\Lib\site-packages)
Installing collected packages: google-ai-generativelanguage, google-generativeai
WARNING: Ignoring invalid distribution ~okenizers (c:\Users\Rohan\AppData\Local\Programs\Python\Python312\Lib\site-packages)
WARNING: Ignoring invalid distribution ~treamlit (c:\Users\Rohan\AppData\Local\Programs\Python\Python312\Lib\site-packages)
Successfully installed google-ai-generativelanguage-0.6.15 google-generativeai-0.8.6
